/** Disk-Space Utilization Report For diffmoi_device.db3
*** As of 2011-Sep-25 13:45:01

Page size in bytes.................... 1024      
Pages in the whole file (measured).... 131       
Pages in the whole file (calculated).. 131       
Pages that store data................. 130         99.24% 
Pages on the freelist (per header).... 0            0.0% 
Pages on the freelist (calculated).... 0            0.0% 
Pages of auto-vacuum overhead......... 1            0.76% 
Number of tables in the database...... 10        
Number of indices..................... 6         
Number of named indices............... 3         
Automatically generated indices....... 3         
Size of the file in bytes............. 134144    
Bytes of user payload stored.......... 57160       42.6% 

*** Page counts for all tables with their indices ********************

SQUAD................................. 35          26.7% 
SQUAD_GAMEWEEK_PLAYER................. 30          22.9% 
MINILEAGUE_TEAM....................... 26          19.8% 
SQUAD_GAMEWEEK........................ 17          13.0% 
VIDIPRINTER........................... 14          10.7% 
SQLITE_MASTER......................... 4            3.1% 
ANDROID_METADATA...................... 1            0.76% 
MINILEAGUE............................ 1            0.76% 
SQLITE_SEQUENCE....................... 1            0.76% 
WATCHLIST............................. 1            0.76% 

*** All tables and indices *******************************************

Percentage of total database..........  99.24%   
Number of entries..................... 4230      
Bytes of storage consumed............. 133120    
Bytes of payload...................... 82388       61.9% 
Average payload per entry............. 19.48     
Average unused bytes per entry........ 7.64      
Average fanout........................ 13.00     
Fragmentation.........................  72.9%    
Maximum payload per entry............. 355       
Entries that use overflow............. 0            0.0% 
Index pages used...................... 6         
Primary pages used.................... 124       
Overflow pages used................... 0         
Total pages used...................... 130       
Unused bytes on index pages........... 5362        87.3% 
Unused bytes on primary pages......... 26939       21.2% 
Unused bytes on overflow pages........ 0         
Unused bytes on all pages............. 32301       24.3% 

*** All tables *******************************************************

Percentage of total database..........  68.7%    
Number of entries..................... 1943      
Bytes of storage consumed............. 92160     
Bytes of payload...................... 59543       64.6% 
Average payload per entry............. 30.64     
Average unused bytes per entry........ 11.07     
Average fanout........................ 13.00     
Fragmentation.........................  74.2%    
Maximum payload per entry............. 355       
Entries that use overflow............. 0            0.0% 
Index pages used...................... 6         
Primary pages used.................... 84        
Overflow pages used................... 0         
Total pages used...................... 90        
Unused bytes on index pages........... 5362        87.3% 
Unused bytes on primary pages......... 16141       18.8% 
Unused bytes on overflow pages........ 0         
Unused bytes on all pages............. 21503       23.3% 

*** All indices ******************************************************

Percentage of total database..........  30.5%    
Number of entries..................... 2287      
Bytes of storage consumed............. 40960     
Bytes of payload...................... 22845       55.8% 
Average payload per entry............. 9.99      
Average unused bytes per entry........ 4.72      
Fragmentation.........................  71.8%    
Maximum payload per entry............. 13        
Entries that use overflow............. 0            0.0% 
Primary pages used.................... 40        
Overflow pages used................... 0         
Total pages used...................... 40        
Unused bytes on primary pages......... 10798       26.4% 
Unused bytes on overflow pages........ 0         
Unused bytes on all pages............. 10798       26.4% 

*** Table ANDROID_METADATA *******************************************

Percentage of total database..........   0.76%   
Number of entries..................... 1         
Bytes of storage consumed............. 1024      
Bytes of payload...................... 7            0.68% 
Average payload per entry............. 7.00      
Average unused bytes per entry........ 1005.00   
Maximum payload per entry............. 7         
Entries that use overflow............. 0            0.0% 
Primary pages used.................... 1         
Overflow pages used................... 0         
Total pages used...................... 1         
Unused bytes on primary pages......... 1005        98.1% 
Unused bytes on overflow pages........ 0         
Unused bytes on all pages............. 1005        98.1% 

*** Table MINILEAGUE *************************************************

Percentage of total database..........   0.76%   
Number of entries..................... 10        
Bytes of storage consumed............. 1024      
Bytes of payload...................... 428         41.8% 
Average payload per entry............. 42.80     
Average unused bytes per entry........ 53.00     
Maximum payload per entry............. 47        
Entries that use overflow............. 0            0.0% 
Primary pages used.................... 1         
Overflow pages used................... 0         
Total pages used...................... 1         
Unused bytes on primary pages......... 530         51.8% 
Unused bytes on overflow pages........ 0         
Unused bytes on all pages............. 530         51.8% 

*** Table MINILEAGUE_TEAM and all its indices ************************

Percentage of total database..........  19.8%    
Number of entries..................... 1416      
Bytes of storage consumed............. 26624     
Bytes of payload...................... 13613       51.1% 
Average payload per entry............. 9.61      
Average unused bytes per entry........ 5.55      
Average fanout........................ 8.00      
Fragmentation.........................  72.0%    
Maximum payload per entry............. 15        
Entries that use overflow............. 0            0.0% 
Index pages used...................... 1         
Primary pages used.................... 25        
Overflow pages used................... 0         
Total pages used...................... 26        
Unused bytes on index pages........... 957         93.5% 
Unused bytes on primary pages......... 6902        27.0% 
Unused bytes on overflow pages........ 0         
Unused bytes on all pages............. 7859        29.5% 

*** Table MINILEAGUE_TEAM w/o any indices ****************************

Percentage of total database..........   6.9%    
Number of entries..................... 354       
Bytes of storage consumed............. 9216      
Bytes of payload...................... 4462        48.4% 
Average payload per entry............. 12.60     
Average unused bytes per entry........ 8.42      
Average fanout........................ 8.00      
Fragmentation.........................  87.5%    
Maximum payload per entry............. 15        
Entries that use overflow............. 0            0.0% 
Index pages used...................... 1         
Primary pages used.................... 8         
Overflow pages used................... 0         
Total pages used...................... 9         
Unused bytes on index pages........... 957         93.5% 
Unused bytes on primary pages......... 2023        24.7% 
Unused bytes on overflow pages........ 0         
Unused bytes on all pages............. 2980        32.3% 

*** Indices of table MINILEAGUE_TEAM *********************************

Percentage of total database..........  13.0%    
Number of entries..................... 1062      
Bytes of storage consumed............. 17408     
Bytes of payload...................... 9151        52.6% 
Average payload per entry............. 8.62      
Average unused bytes per entry........ 4.59      
Fragmentation.........................  68.8%    
Maximum payload per entry............. 12        
Entries that use overflow............. 0            0.0% 
Primary pages used.................... 17        
Overflow pages used................... 0         
Total pages used...................... 17        
Unused bytes on primary pages......... 4879        28.0% 
Unused bytes on overflow pages........ 0         
Unused bytes on all pages............. 4879        28.0% 

*** Table SQLITE_MASTER **********************************************

Percentage of total database..........   3.1%    
Number of entries..................... 15        
Bytes of storage consumed............. 4096      
Bytes of payload...................... 2383        58.2% 
Average payload per entry............. 158.87    
Average unused bytes per entry........ 99.73     
Average fanout........................ 3.00      
Fragmentation.........................  66.7%    
Maximum payload per entry............. 355       
Entries that use overflow............. 0            0.0% 
Index pages used...................... 1         
Primary pages used.................... 3         
Overflow pages used................... 0         
Total pages used...................... 4         
Unused bytes on index pages........... 898         87.7% 
Unused bytes on primary pages......... 598         19.5% 
Unused bytes on overflow pages........ 0         
Unused bytes on all pages............. 1496        36.5% 

*** Table SQLITE_SEQUENCE ********************************************

Percentage of total database..........   0.76%   
Number of entries..................... 1         
Bytes of storage consumed............. 1024      
Bytes of payload...................... 16           1.6% 
Average payload per entry............. 16.00     
Average unused bytes per entry........ 996.00    
Maximum payload per entry............. 16        
Entries that use overflow............. 0            0.0% 
Primary pages used.................... 1         
Overflow pages used................... 0         
Total pages used...................... 1         
Unused bytes on primary pages......... 996         97.3% 
Unused bytes on overflow pages........ 0         
Unused bytes on all pages............. 996         97.3% 

*** Table SQUAD ******************************************************

Percentage of total database..........  26.7%    
Number of entries..................... 313       
Bytes of storage consumed............. 35840     
Bytes of payload...................... 25437       71.0% 
Average payload per entry............. 81.27     
Average unused bytes per entry........ 25.42     
Average fanout........................ 34.00     
Fragmentation.........................  88.2%    
Maximum payload per entry............. 111       
Entries that use overflow............. 0            0.0% 
Index pages used...................... 1         
Primary pages used.................... 34        
Overflow pages used................... 0         
Total pages used...................... 35        
Unused bytes on index pages........... 716         69.9% 
Unused bytes on primary pages......... 7240        20.8% 
Unused bytes on overflow pages........ 0         
Unused bytes on all pages............. 7956        22.2% 

*** Table SQUAD_GAMEWEEK and all its indices *************************

Percentage of total database..........  13.0%    
Number of entries..................... 708       
Bytes of storage consumed............. 17408     
Bytes of payload...................... 10201       58.6% 
Average payload per entry............. 14.41     
Average unused bytes per entry........ 5.85      
Average fanout........................ 10.00     
Fragmentation.........................  81.3%    
Maximum payload per entry............. 26        
Entries that use overflow............. 0            0.0% 
Index pages used...................... 1         
Primary pages used.................... 16        
Overflow pages used................... 0         
Total pages used...................... 17        
Unused bytes on index pages........... 940         91.8% 
Unused bytes on primary pages......... 3203        19.5% 
Unused bytes on overflow pages........ 0         
Unused bytes on all pages............. 4143        23.8% 

*** Table SQUAD_GAMEWEEK w/o any indices *****************************

Percentage of total database..........   8.4%    
Number of entries..................... 354       
Bytes of storage consumed............. 11264     
Bytes of payload...................... 6704        59.5% 
Average payload per entry............. 18.94     
Average unused bytes per entry........ 7.42      
Average fanout........................ 10.00     
Fragmentation.........................  90.0%    
Maximum payload per entry............. 26        
Entries that use overflow............. 0            0.0% 
Index pages used...................... 1         
Primary pages used.................... 10        
Overflow pages used................... 0         
Total pages used...................... 11        
Unused bytes on index pages........... 940         91.8% 
Unused bytes on primary pages......... 1686        16.5% 
Unused bytes on overflow pages........ 0         
Unused bytes on all pages............. 2626        23.3% 

*** Indices of table SQUAD_GAMEWEEK **********************************

Percentage of total database..........   4.6%    
Number of entries..................... 354       
Bytes of storage consumed............. 6144      
Bytes of payload...................... 3497        56.9% 
Average payload per entry............. 9.88      
Average unused bytes per entry........ 4.29      
Fragmentation.........................  80.0%    
Maximum payload per entry............. 10        
Entries that use overflow............. 0            0.0% 
Primary pages used.................... 6         
Overflow pages used................... 0         
Total pages used...................... 6         
Unused bytes on primary pages......... 1517        24.7% 
Unused bytes on overflow pages........ 0         
Unused bytes on all pages............. 1517        24.7% 

*** Table SQUAD_GAMEWEEK_PLAYER and all its indices ******************

Percentage of total database..........  22.9%    
Number of entries..................... 1470      
Bytes of storage consumed............. 30720     
Bytes of payload...................... 19903       64.8% 
Average payload per entry............. 13.54     
Average unused bytes per entry........ 3.15      
Average fanout........................ 15.00     
Fragmentation.........................  86.2%    
Maximum payload per entry............. 22        
Entries that use overflow............. 0            0.0% 
Index pages used...................... 1         
Primary pages used.................... 29        
Overflow pages used................... 0         
Total pages used...................... 30        
Unused bytes on index pages........... 902         88.1% 
Unused bytes on primary pages......... 3726        12.5% 
Unused bytes on overflow pages........ 0         
Unused bytes on all pages............. 4628        15.1% 

*** Table SQUAD_GAMEWEEK_PLAYER w/o any indices **********************

Percentage of total database..........  12.2%    
Number of entries..................... 735       
Bytes of storage consumed............. 16384     
Bytes of payload...................... 10760       65.7% 
Average payload per entry............. 14.64     
Average unused bytes per entry........ 2.45      
Average fanout........................ 15.00     
Fragmentation.........................  86.7%    
Maximum payload per entry............. 22        
Entries that use overflow............. 0            0.0% 
Index pages used...................... 1         
Primary pages used.................... 15        
Overflow pages used................... 0         
Total pages used...................... 16        
Unused bytes on index pages........... 902         88.1% 
Unused bytes on primary pages......... 902          5.9% 
Unused bytes on overflow pages........ 0         
Unused bytes on all pages............. 1804        11.0% 

*** Indices of table SQUAD_GAMEWEEK_PLAYER ***************************

Percentage of total database..........  10.7%    
Number of entries..................... 735       
Bytes of storage consumed............. 14336     
Bytes of payload...................... 9143        63.8% 
Average payload per entry............. 12.44     
Average unused bytes per entry........ 3.84      
Fragmentation.........................  92.3%    
Maximum payload per entry............. 13        
Entries that use overflow............. 0            0.0% 
Primary pages used.................... 14        
Overflow pages used................... 0         
Total pages used...................... 14        
Unused bytes on primary pages......... 2824        19.7% 
Unused bytes on overflow pages........ 0         
Unused bytes on all pages............. 2824        19.7% 

*** Table VIDIPRINTER and all its indices ****************************

Percentage of total database..........  10.7%    
Number of entries..................... 272       
Bytes of storage consumed............. 14336     
Bytes of payload...................... 10352       72.2% 
Average payload per entry............. 38.06     
Average unused bytes per entry........ 10.43     
Average fanout........................ 10.00     
Fragmentation.........................  46.2%    
Maximum payload per entry............. 84        
Entries that use overflow............. 0            0.0% 
Index pages used...................... 1         
Primary pages used.................... 13        
Overflow pages used................... 0         
Total pages used...................... 14        
Unused bytes on index pages........... 949         92.7% 
Unused bytes on primary pages......... 1887        14.2% 
Unused bytes on overflow pages........ 0         
Unused bytes on all pages............. 2836        19.8% 

*** Table VIDIPRINTER w/o any indices ********************************

Percentage of total database..........   8.4%    
Number of entries..................... 136       
Bytes of storage consumed............. 11264     
Bytes of payload...................... 9298        82.5% 
Average payload per entry............. 68.37     
Average unused bytes per entry........ 9.25      
Average fanout........................ 10.00     
Fragmentation.........................  50.0%    
Maximum payload per entry............. 84        
Entries that use overflow............. 0            0.0% 
Index pages used...................... 1         
Primary pages used.................... 10        
Overflow pages used................... 0         
Total pages used...................... 11        
Unused bytes on index pages........... 949         92.7% 
Unused bytes on primary pages......... 309          3.0% 
Unused bytes on overflow pages........ 0         
Unused bytes on all pages............. 1258        11.2% 

*** Indices of table VIDIPRINTER *************************************

Percentage of total database..........   2.3%    
Number of entries..................... 136       
Bytes of storage consumed............. 3072      
Bytes of payload...................... 1054        34.3% 
Average payload per entry............. 7.75      
Average unused bytes per entry........ 11.60     
Fragmentation.........................  50.0%    
Maximum payload per entry............. 9         
Entries that use overflow............. 0            0.0% 
Primary pages used.................... 3         
Overflow pages used................... 0         
Total pages used...................... 3         
Unused bytes on primary pages......... 1578        51.4% 
Unused bytes on overflow pages........ 0         
Unused bytes on all pages............. 1578        51.4% 

*** Table WATCHLIST **************************************************

Percentage of total database..........   0.76%   
Number of entries..................... 24        
Bytes of storage consumed............. 1024      
Bytes of payload...................... 48           4.7% 
Average payload per entry............. 2.00      
Average unused bytes per entry........ 35.50     
Maximum payload per entry............. 2         
Entries that use overflow............. 0            0.0% 
Primary pages used.................... 1         
Overflow pages used................... 0         
Total pages used...................... 1         
Unused bytes on primary pages......... 852         83.2% 
Unused bytes on overflow pages........ 0         
Unused bytes on all pages............. 852         83.2% 

*** Definitions ******************************************************

Page size in bytes

    The number of bytes in a single page of the database file.  
    Usually 1024.

Number of pages in the whole file

    The number of 1024-byte pages that go into forming the complete
    database

Pages that store data

    The number of pages that store data, either as primary B*Tree pages or
    as overflow pages.  The number at the right is the data pages divided by
    the total number of pages in the file.

Pages on the freelist

    The number of pages that are not currently in use but are reserved for
    future use.  The percentage at the right is the number of freelist pages
    divided by the total number of pages in the file.

Pages of auto-vacuum overhead

    The number of pages that store data used by the database to facilitate
    auto-vacuum. This is zero for databases that do not support auto-vacuum.

Number of tables in the database

    The number of tables in the database, including the SQLITE_MASTER table
    used to store schema information.

Number of indices

    The total number of indices in the database.

Number of named indices

    The number of indices created using an explicit CREATE INDEX statement.

Automatically generated indices

    The number of indices used to implement PRIMARY KEY or UNIQUE constraints
    on tables.

Size of the file in bytes

    The total amount of disk space used by the entire database files.

Bytes of user payload stored

    The total number of bytes of user payload stored in the database. The
    schema information in the SQLITE_MASTER table is not counted when
    computing this number.  The percentage at the right shows the payload
    divided by the total file size.

Percentage of total database

    The amount of the complete database file that is devoted to storing
    information described by this category.

Number of entries

    The total number of B-Tree key/value pairs stored under this category.

Bytes of storage consumed

    The total amount of disk space required to store all B-Tree entries
    under this category.  The is the total number of pages used times
    the pages size.

Bytes of payload

    The amount of payload stored under this category.  Payload is the data
    part of table entries and the key part of index entries.  The percentage
    at the right is the bytes of payload divided by the bytes of storage 
    consumed.

Average payload per entry

    The average amount of payload on each entry.  This is just the bytes of
    payload divided by the number of entries.

Average unused bytes per entry

    The average amount of free space remaining on all pages under this
    category on a per-entry basis.  This is the number of unused bytes on
    all pages divided by the number of entries.

Fragmentation

    The percentage of pages in the table or index that are not
    consecutive in the disk file.  Many filesystems are optimized
    for sequential file access so smaller fragmentation numbers 
    sometimes result in faster queries, especially for larger
    database files that do not fit in the disk cache.

Maximum payload per entry

    The largest payload size of any entry.

Entries that use overflow

    The number of entries that user one or more overflow pages.

Total pages used

    This is the number of pages used to hold all information in the current
    category.  This is the sum of index, primary, and overflow pages.

Index pages used

    This is the number of pages in a table B-tree that hold only key (rowid)
    information and no data.

Primary pages used

    This is the number of B-tree pages that hold both key and data.

Overflow pages used

    The total number of overflow pages used for this category.

Unused bytes on index pages

    The total number of bytes of unused space on all index pages.  The
    percentage at the right is the number of unused bytes divided by the
    total number of bytes on index pages.

Unused bytes on primary pages

    The total number of bytes of unused space on all primary pages.  The
    percentage at the right is the number of unused bytes divided by the
    total number of bytes on primary pages.

Unused bytes on overflow pages

    The total number of bytes of unused space on all overflow pages.  The
    percentage at the right is the number of unused bytes divided by the
    total number of bytes on overflow pages.

Unused bytes on all pages

    The total number of bytes of unused space on all primary and overflow 
    pages.  The percentage at the right is the number of unused bytes 
    divided by the total number of bytes.

**********************************************************************
The entire text of this report can be sourced into any SQL database
engine for further analysis.  All of the text above is an SQL comment.
The data used to generate this report follows:
*/
BEGIN;
CREATE TABLE space_used(
   name clob,        -- Name of a table or index in the database file
   tblname clob,     -- Name of associated table
   is_index boolean, -- TRUE if it is an index, false for a table
   nentry int,       -- Number of entries in the BTree
   leaf_entries int, -- Number of leaf entries
   payload int,      -- Total amount of data stored in this table or index
   ovfl_payload int, -- Total amount of data stored on overflow pages
   ovfl_cnt int,     -- Number of entries that use overflow
   mx_payload int,   -- Maximum payload size
   int_pages int,    -- Number of interior pages used
   leaf_pages int,   -- Number of leaf pages used
   ovfl_pages int,   -- Number of overflow pages used
   int_unused int,   -- Number of unused bytes on interior pages
   leaf_unused int,  -- Number of unused bytes on primary pages
   ovfl_unused int,  -- Number of unused bytes on overflow pages
   gap_cnt int       -- Number of gaps in the page layout
);
INSERT INTO space_used VALUES('sqlite_master','sqlite_master',0,17,15,2383,0,0,355,1,3,0,898,598,0,2);
INSERT INTO space_used VALUES('android_metadata','android_metadata',0,1,1,7,0,0,7,0,1,0,0,1005,0,0);
INSERT INTO space_used VALUES('squad','squad',0,346,313,25437,0,0,111,1,34,0,716,7240,0,30);
INSERT INTO space_used VALUES('squad_gameweek','squad_gameweek',0,363,354,6704,0,0,26,1,10,0,940,1686,0,9);
INSERT INTO space_used VALUES('sqlite_autoindex_squad_gameweek_1','squad_gameweek',1,354,354,3497,0,0,10,0,6,0,0,1517,0,4);
INSERT INTO space_used VALUES('squad_gameweek_player','squad_gameweek_player',0,749,735,10760,0,0,22,1,15,0,902,902,0,13);
INSERT INTO space_used VALUES('sqlite_autoindex_squad_gameweek_player_1','squad_gameweek_player',1,735,735,9143,0,0,13,0,14,0,0,2824,0,12);
INSERT INTO space_used VALUES('watchlist','watchlist',0,24,24,48,0,0,2,0,1,0,0,852,0,0);
INSERT INTO space_used VALUES('minileague','minileague',0,10,10,428,0,0,47,0,1,0,0,530,0,0);
INSERT INTO space_used VALUES('minileague_team','minileague_team',0,361,354,4462,0,0,15,1,8,0,957,2023,0,7);
INSERT INTO space_used VALUES('sqlite_autoindex_minileague_team_1','minileague_team',1,354,354,3931,0,0,12,0,7,0,0,2095,0,5);
INSERT INTO space_used VALUES('minileague_team_squad_ind','minileague_team',1,354,354,2665,0,0,8,0,5,0,0,1337,0,3);
INSERT INTO space_used VALUES('minileague_team_minileague_ind','minileague_team',1,354,354,2555,0,0,8,0,5,0,0,1447,0,3);
INSERT INTO space_used VALUES('vidiprinter','vidiprinter',0,145,136,9298,0,0,84,1,10,0,949,309,0,5);
INSERT INTO space_used VALUES('sqlite_sequence','sqlite_sequence',0,1,1,16,0,0,16,0,1,0,0,996,0,0);
INSERT INTO space_used VALUES('vidiprinter_player_ind','vidiprinter',1,136,136,1054,0,0,9,0,3,0,0,1578,0,1);
COMMIT;
