/** Disk-Space Utilization Report For diffmoi_device.db3
*** As of 2011-Sep-25 11:07:25

Page size in bytes.................... 1024      
Pages in the whole file (measured).... 319       
Pages in the whole file (calculated).. 319       
Pages that store data................. 317         99.37% 
Pages on the freelist (per header).... 0            0.0% 
Pages on the freelist (calculated).... 0            0.0% 
Pages of auto-vacuum overhead......... 2            0.63% 
Number of tables in the database...... 10        
Number of indices..................... 6         
Number of named indices............... 3         
Automatically generated indices....... 3         
Size of the file in bytes............. 326656    
Bytes of user payload stored.......... 181037      55.4% 

*** Page counts for all tables with their indices ********************

VIDIPRINTER........................... 167         52.4% 
SQUAD_GAMEWEEK........................ 59          18.5% 
SQUAD_GAMEWEEK_PLAYER................. 35          11.0% 
MINILEAGUE_TEAM....................... 26           8.2% 
SQUAD................................. 22           6.9% 
SQLITE_MASTER......................... 4            1.3% 
ANDROID_METADATA...................... 1            0.31% 
MINILEAGUE............................ 1            0.31% 
SQLITE_SEQUENCE....................... 1            0.31% 
WATCHLIST............................. 1            0.31% 

*** All tables and indices *******************************************

Percentage of total database..........  99.37%   
Number of entries..................... 10941     
Bytes of storage consumed............. 324608    
Bytes of payload...................... 236783      72.9% 
Average payload per entry............. 21.64     
Average unused bytes per entry........ 3.62      
Average fanout........................ 28.00     
Fragmentation.........................  65.2%    
Maximum payload per entry............. 355       
Entries that use overflow............. 0            0.0% 
Index pages used...................... 8         
Primary pages used.................... 309       
Overflow pages used................... 0         
Total pages used...................... 317       
Unused bytes on index pages........... 6253        76.3% 
Unused bytes on primary pages......... 33341       10.5% 
Unused bytes on overflow pages........ 0         
Unused bytes on all pages............. 39594       12.2% 

*** All tables *******************************************************

Percentage of total database..........  73.7%    
Number of entries..................... 5347      
Bytes of storage consumed............. 240640    
Bytes of payload...................... 183420      76.2% 
Average payload per entry............. 34.30     
Average unused bytes per entry........ 5.00      
Average fanout........................ 28.00     
Fragmentation.........................  58.1%    
Maximum payload per entry............. 355       
Entries that use overflow............. 0            0.0% 
Index pages used...................... 8         
Primary pages used.................... 227       
Overflow pages used................... 0         
Total pages used...................... 235       
Unused bytes on index pages........... 6253        76.3% 
Unused bytes on primary pages......... 20478        8.8% 
Unused bytes on overflow pages........ 0         
Unused bytes on all pages............. 26731       11.1% 

*** All indices ******************************************************

Percentage of total database..........  25.7%    
Number of entries..................... 5594      
Bytes of storage consumed............. 83968     
Bytes of payload...................... 53363       63.6% 
Average payload per entry............. 9.54      
Average unused bytes per entry........ 2.30      
Fragmentation.........................  86.4%    
Maximum payload per entry............. 13        
Entries that use overflow............. 0            0.0% 
Primary pages used.................... 82        
Overflow pages used................... 0         
Total pages used...................... 82        
Unused bytes on primary pages......... 12863       15.3% 
Unused bytes on overflow pages........ 0         
Unused bytes on all pages............. 12863       15.3% 

*** Table ANDROID_METADATA *******************************************

Percentage of total database..........   0.31%   
Number of entries..................... 1         
Bytes of storage consumed............. 1024      
Bytes of payload...................... 7            0.68% 
Average payload per entry............. 7.00      
Average unused bytes per entry........ 1005.00   
Maximum payload per entry............. 7         
Entries that use overflow............. 0            0.0% 
Primary pages used.................... 1         
Overflow pages used................... 0         
Total pages used...................... 1         
Unused bytes on primary pages......... 1005        98.1% 
Unused bytes on overflow pages........ 0         
Unused bytes on all pages............. 1005        98.1% 

*** Table MINILEAGUE *************************************************

Percentage of total database..........   0.31%   
Number of entries..................... 10        
Bytes of storage consumed............. 1024      
Bytes of payload...................... 228         22.3% 
Average payload per entry............. 22.80     
Average unused bytes per entry........ 73.00     
Maximum payload per entry............. 27        
Entries that use overflow............. 0            0.0% 
Primary pages used.................... 1         
Overflow pages used................... 0         
Total pages used...................... 1         
Unused bytes on primary pages......... 730         71.3% 
Unused bytes on overflow pages........ 0         
Unused bytes on all pages............. 730         71.3% 

*** Table MINILEAGUE_TEAM and all its indices ************************

Percentage of total database..........   8.2%    
Number of entries..................... 1416      
Bytes of storage consumed............. 26624     
Bytes of payload...................... 13612       51.1% 
Average payload per entry............. 9.61      
Average unused bytes per entry........ 5.55      
Average fanout........................ 8.00      
Fragmentation.........................  72.0%    
Maximum payload per entry............. 15        
Entries that use overflow............. 0            0.0% 
Index pages used...................... 1         
Primary pages used.................... 25        
Overflow pages used................... 0         
Total pages used...................... 26        
Unused bytes on index pages........... 957         93.5% 
Unused bytes on primary pages......... 6903        27.0% 
Unused bytes on overflow pages........ 0         
Unused bytes on all pages............. 7860        29.5% 

*** Table MINILEAGUE_TEAM w/o any indices ****************************

Percentage of total database..........   2.8%    
Number of entries..................... 354       
Bytes of storage consumed............. 9216      
Bytes of payload...................... 4463        48.4% 
Average payload per entry............. 12.61     
Average unused bytes per entry........ 8.42      
Average fanout........................ 8.00      
Fragmentation.........................  87.5%    
Maximum payload per entry............. 15        
Entries that use overflow............. 0            0.0% 
Index pages used...................... 1         
Primary pages used.................... 8         
Overflow pages used................... 0         
Total pages used...................... 9         
Unused bytes on index pages........... 957         93.5% 
Unused bytes on primary pages......... 2022        24.7% 
Unused bytes on overflow pages........ 0         
Unused bytes on all pages............. 2979        32.3% 

*** Indices of table MINILEAGUE_TEAM *********************************

Percentage of total database..........   5.3%    
Number of entries..................... 1062      
Bytes of storage consumed............. 17408     
Bytes of payload...................... 9149        52.6% 
Average payload per entry............. 8.61      
Average unused bytes per entry........ 4.60      
Fragmentation.........................  68.8%    
Maximum payload per entry............. 12        
Entries that use overflow............. 0            0.0% 
Primary pages used.................... 17        
Overflow pages used................... 0         
Total pages used...................... 17        
Unused bytes on primary pages......... 4881        28.0% 
Unused bytes on overflow pages........ 0         
Unused bytes on all pages............. 4881        28.0% 

*** Table SQLITE_MASTER **********************************************

Percentage of total database..........   1.3%    
Number of entries..................... 15        
Bytes of storage consumed............. 4096      
Bytes of payload...................... 2383        58.2% 
Average payload per entry............. 158.87    
Average unused bytes per entry........ 99.73     
Average fanout........................ 3.00      
Fragmentation.........................  66.7%    
Maximum payload per entry............. 355       
Entries that use overflow............. 0            0.0% 
Index pages used...................... 1         
Primary pages used.................... 3         
Overflow pages used................... 0         
Total pages used...................... 4         
Unused bytes on index pages........... 898         87.7% 
Unused bytes on primary pages......... 598         19.5% 
Unused bytes on overflow pages........ 0         
Unused bytes on all pages............. 1496        36.5% 

*** Table SQLITE_SEQUENCE ********************************************

Percentage of total database..........   0.31%   
Number of entries..................... 1         
Bytes of storage consumed............. 1024      
Bytes of payload...................... 16           1.6% 
Average payload per entry............. 16.00     
Average unused bytes per entry........ 996.00    
Maximum payload per entry............. 16        
Entries that use overflow............. 0            0.0% 
Primary pages used.................... 1         
Overflow pages used................... 0         
Total pages used...................... 1         
Unused bytes on primary pages......... 996         97.3% 
Unused bytes on overflow pages........ 0         
Unused bytes on all pages............. 996         97.3% 

*** Table SQUAD ******************************************************

Percentage of total database..........   6.9%    
Number of entries..................... 410       
Bytes of storage consumed............. 22528     
Bytes of payload...................... 17122       76.0% 
Average payload per entry............. 41.76     
Average unused bytes per entry........ 6.36      
Average fanout........................ 21.00     
Fragmentation.........................  76.2%    
Maximum payload per entry............. 129       
Entries that use overflow............. 0            0.0% 
Index pages used...................... 1         
Primary pages used.................... 21        
Overflow pages used................... 0         
Total pages used...................... 22        
Unused bytes on index pages........... 833         81.3% 
Unused bytes on primary pages......... 1773         8.2% 
Unused bytes on overflow pages........ 0         
Unused bytes on all pages............. 2606        11.6% 

*** Table SQUAD_GAMEWEEK and all its indices *************************

Percentage of total database..........  18.5%    
Number of entries..................... 2794      
Bytes of storage consumed............. 60416     
Bytes of payload...................... 39949       66.1% 
Average payload per entry............. 14.30     
Average unused bytes per entry........ 3.02      
Average fanout........................ 38.00     
Fragmentation.........................  86.2%    
Maximum payload per entry............. 27        
Entries that use overflow............. 0            0.0% 
Index pages used...................... 1         
Primary pages used.................... 58        
Overflow pages used................... 0         
Total pages used...................... 59        
Unused bytes on index pages........... 716         69.9% 
Unused bytes on primary pages......... 7732        13.0% 
Unused bytes on overflow pages........ 0         
Unused bytes on all pages............. 8448        14.0% 

*** Table SQUAD_GAMEWEEK w/o any indices *****************************

Percentage of total database..........  12.2%    
Number of entries..................... 1397      
Bytes of storage consumed............. 39936     
Bytes of payload...................... 26130       65.4% 
Average payload per entry............. 18.70     
Average unused bytes per entry........ 4.45      
Average fanout........................ 38.00     
Fragmentation.........................  84.2%    
Maximum payload per entry............. 27        
Entries that use overflow............. 0            0.0% 
Index pages used...................... 1         
Primary pages used.................... 38        
Overflow pages used................... 0         
Total pages used...................... 39        
Unused bytes on index pages........... 716         69.9% 
Unused bytes on primary pages......... 5498        14.1% 
Unused bytes on overflow pages........ 0         
Unused bytes on all pages............. 6214        15.6% 

*** Indices of table SQUAD_GAMEWEEK **********************************

Percentage of total database..........   6.3%    
Number of entries..................... 1397      
Bytes of storage consumed............. 20480     
Bytes of payload...................... 13819       67.5% 
Average payload per entry............. 9.89      
Average unused bytes per entry........ 1.60      
Fragmentation.........................  94.7%    
Maximum payload per entry............. 10        
Entries that use overflow............. 0            0.0% 
Primary pages used.................... 20        
Overflow pages used................... 0         
Total pages used...................... 20        
Unused bytes on primary pages......... 2234        10.9% 
Unused bytes on overflow pages........ 0         
Unused bytes on all pages............. 2234        10.9% 

*** Table SQUAD_GAMEWEEK_PLAYER and all its indices ******************

Percentage of total database..........  11.0%    
Number of entries..................... 1680      
Bytes of storage consumed............. 35840     
Bytes of payload...................... 22999       64.2% 
Average payload per entry............. 13.69     
Average unused bytes per entry........ 3.43      
Average fanout........................ 19.00     
Fragmentation.........................  82.4%    
Maximum payload per entry............. 23        
Entries that use overflow............. 0            0.0% 
Index pages used...................... 1         
Primary pages used.................... 34        
Overflow pages used................... 0         
Total pages used...................... 35        
Unused bytes on index pages........... 870         85.0% 
Unused bytes on primary pages......... 4896        14.1% 
Unused bytes on overflow pages........ 0         
Unused bytes on all pages............. 5766        16.1% 

*** Table SQUAD_GAMEWEEK_PLAYER w/o any indices **********************

Percentage of total database..........   6.3%    
Number of entries..................... 840       
Bytes of storage consumed............. 20480     
Bytes of payload...................... 12553       61.3% 
Average payload per entry............. 14.94     
Average unused bytes per entry........ 4.22      
Average fanout........................ 19.00     
Fragmentation.........................  84.2%    
Maximum payload per entry............. 23        
Entries that use overflow............. 0            0.0% 
Index pages used...................... 1         
Primary pages used.................... 19        
Overflow pages used................... 0         
Total pages used...................... 20        
Unused bytes on index pages........... 870         85.0% 
Unused bytes on primary pages......... 2678        13.8% 
Unused bytes on overflow pages........ 0         
Unused bytes on all pages............. 3548        17.3% 

*** Indices of table SQUAD_GAMEWEEK_PLAYER ***************************

Percentage of total database..........   4.7%    
Number of entries..................... 840       
Bytes of storage consumed............. 15360     
Bytes of payload...................... 10446       68.0% 
Average payload per entry............. 12.44     
Average unused bytes per entry........ 2.64      
Fragmentation.........................  85.7%    
Maximum payload per entry............. 13        
Entries that use overflow............. 0            0.0% 
Primary pages used.................... 15        
Overflow pages used................... 0         
Total pages used...................... 15        
Unused bytes on primary pages......... 2218        14.4% 
Unused bytes on overflow pages........ 0         
Unused bytes on all pages............. 2218        14.4% 

*** Table VIDIPRINTER and all its indices ****************************

Percentage of total database..........  52.4%    
Number of entries..................... 4590      
Bytes of storage consumed............. 171008    
Bytes of payload...................... 140419      82.1% 
Average payload per entry............. 30.59     
Average unused bytes per entry........ 2.14      
Average fanout........................ 45.00     
Fragmentation.........................  55.4%    
Maximum payload per entry............. 80        
Entries that use overflow............. 0            0.0% 
Index pages used...................... 3         
Primary pages used.................... 164       
Overflow pages used................... 0         
Total pages used...................... 167       
Unused bytes on index pages........... 1979        64.4% 
Unused bytes on primary pages......... 7856         4.7% 
Unused bytes on overflow pages........ 0         
Unused bytes on all pages............. 9835         5.8% 

*** Table VIDIPRINTER w/o any indices ********************************

Percentage of total database..........  42.9%    
Number of entries..................... 2295      
Bytes of storage consumed............. 140288    
Bytes of payload...................... 120470      85.9% 
Average payload per entry............. 52.49     
Average unused bytes per entry........ 2.75      
Average fanout........................ 45.00     
Fragmentation.........................  46.3%    
Maximum payload per entry............. 80        
Entries that use overflow............. 0            0.0% 
Index pages used...................... 3         
Primary pages used.................... 134       
Overflow pages used................... 0         
Total pages used...................... 137       
Unused bytes on index pages........... 1979        64.4% 
Unused bytes on primary pages......... 4326         3.2% 
Unused bytes on overflow pages........ 0         
Unused bytes on all pages............. 6305         4.5% 

*** Indices of table VIDIPRINTER *************************************

Percentage of total database..........   9.4%    
Number of entries..................... 2295      
Bytes of storage consumed............. 30720     
Bytes of payload...................... 19949       64.9% 
Average payload per entry............. 8.69      
Average unused bytes per entry........ 1.54      
Fragmentation......................... 100.0%    
Maximum payload per entry............. 9         
Entries that use overflow............. 0            0.0% 
Primary pages used.................... 30        
Overflow pages used................... 0         
Total pages used...................... 30        
Unused bytes on primary pages......... 3530        11.5% 
Unused bytes on overflow pages........ 0         
Unused bytes on all pages............. 3530        11.5% 

*** Table WATCHLIST **************************************************

Percentage of total database..........   0.31%   
Number of entries..................... 24        
Bytes of storage consumed............. 1024      
Bytes of payload...................... 48           4.7% 
Average payload per entry............. 2.00      
Average unused bytes per entry........ 35.50     
Maximum payload per entry............. 2         
Entries that use overflow............. 0            0.0% 
Primary pages used.................... 1         
Overflow pages used................... 0         
Total pages used...................... 1         
Unused bytes on primary pages......... 852         83.2% 
Unused bytes on overflow pages........ 0         
Unused bytes on all pages............. 852         83.2% 

*** Definitions ******************************************************

Page size in bytes

    The number of bytes in a single page of the database file.  
    Usually 1024.

Number of pages in the whole file

    The number of 1024-byte pages that go into forming the complete
    database

Pages that store data

    The number of pages that store data, either as primary B*Tree pages or
    as overflow pages.  The number at the right is the data pages divided by
    the total number of pages in the file.

Pages on the freelist

    The number of pages that are not currently in use but are reserved for
    future use.  The percentage at the right is the number of freelist pages
    divided by the total number of pages in the file.

Pages of auto-vacuum overhead

    The number of pages that store data used by the database to facilitate
    auto-vacuum. This is zero for databases that do not support auto-vacuum.

Number of tables in the database

    The number of tables in the database, including the SQLITE_MASTER table
    used to store schema information.

Number of indices

    The total number of indices in the database.

Number of named indices

    The number of indices created using an explicit CREATE INDEX statement.

Automatically generated indices

    The number of indices used to implement PRIMARY KEY or UNIQUE constraints
    on tables.

Size of the file in bytes

    The total amount of disk space used by the entire database files.

Bytes of user payload stored

    The total number of bytes of user payload stored in the database. The
    schema information in the SQLITE_MASTER table is not counted when
    computing this number.  The percentage at the right shows the payload
    divided by the total file size.

Percentage of total database

    The amount of the complete database file that is devoted to storing
    information described by this category.

Number of entries

    The total number of B-Tree key/value pairs stored under this category.

Bytes of storage consumed

    The total amount of disk space required to store all B-Tree entries
    under this category.  The is the total number of pages used times
    the pages size.

Bytes of payload

    The amount of payload stored under this category.  Payload is the data
    part of table entries and the key part of index entries.  The percentage
    at the right is the bytes of payload divided by the bytes of storage 
    consumed.

Average payload per entry

    The average amount of payload on each entry.  This is just the bytes of
    payload divided by the number of entries.

Average unused bytes per entry

    The average amount of free space remaining on all pages under this
    category on a per-entry basis.  This is the number of unused bytes on
    all pages divided by the number of entries.

Fragmentation

    The percentage of pages in the table or index that are not
    consecutive in the disk file.  Many filesystems are optimized
    for sequential file access so smaller fragmentation numbers 
    sometimes result in faster queries, especially for larger
    database files that do not fit in the disk cache.

Maximum payload per entry

    The largest payload size of any entry.

Entries that use overflow

    The number of entries that user one or more overflow pages.

Total pages used

    This is the number of pages used to hold all information in the current
    category.  This is the sum of index, primary, and overflow pages.

Index pages used

    This is the number of pages in a table B-tree that hold only key (rowid)
    information and no data.

Primary pages used

    This is the number of B-tree pages that hold both key and data.

Overflow pages used

    The total number of overflow pages used for this category.

Unused bytes on index pages

    The total number of bytes of unused space on all index pages.  The
    percentage at the right is the number of unused bytes divided by the
    total number of bytes on index pages.

Unused bytes on primary pages

    The total number of bytes of unused space on all primary pages.  The
    percentage at the right is the number of unused bytes divided by the
    total number of bytes on primary pages.

Unused bytes on overflow pages

    The total number of bytes of unused space on all overflow pages.  The
    percentage at the right is the number of unused bytes divided by the
    total number of bytes on overflow pages.

Unused bytes on all pages

    The total number of bytes of unused space on all primary and overflow 
    pages.  The percentage at the right is the number of unused bytes 
    divided by the total number of bytes.

**********************************************************************
The entire text of this report can be sourced into any SQL database
engine for further analysis.  All of the text above is an SQL comment.
The data used to generate this report follows:
*/
BEGIN;
CREATE TABLE space_used(
   name clob,        -- Name of a table or index in the database file
   tblname clob,     -- Name of associated table
   is_index boolean, -- TRUE if it is an index, false for a table
   nentry int,       -- Number of entries in the BTree
   leaf_entries int, -- Number of leaf entries
   payload int,      -- Total amount of data stored in this table or index
   ovfl_payload int, -- Total amount of data stored on overflow pages
   ovfl_cnt int,     -- Number of entries that use overflow
   mx_payload int,   -- Maximum payload size
   int_pages int,    -- Number of interior pages used
   leaf_pages int,   -- Number of leaf pages used
   ovfl_pages int,   -- Number of overflow pages used
   int_unused int,   -- Number of unused bytes on interior pages
   leaf_unused int,  -- Number of unused bytes on primary pages
   ovfl_unused int,  -- Number of unused bytes on overflow pages
   gap_cnt int       -- Number of gaps in the page layout
);
INSERT INTO space_used VALUES('sqlite_master','sqlite_master',0,17,15,2383,0,0,355,1,3,0,898,598,0,2);
INSERT INTO space_used VALUES('android_metadata','android_metadata',0,1,1,7,0,0,7,0,1,0,0,1005,0,0);
INSERT INTO space_used VALUES('squad','squad',0,430,410,17122,0,0,129,1,21,0,833,1773,0,16);
INSERT INTO space_used VALUES('squad_gameweek','squad_gameweek',0,1434,1397,26130,0,0,27,1,38,0,716,5498,0,32);
INSERT INTO space_used VALUES('sqlite_autoindex_squad_gameweek_1','squad_gameweek',1,1397,1397,13819,0,0,10,0,20,0,0,2234,0,18);
INSERT INTO space_used VALUES('squad_gameweek_player','squad_gameweek_player',0,858,840,12553,0,0,23,1,19,0,870,2678,0,16);
INSERT INTO space_used VALUES('sqlite_autoindex_squad_gameweek_player_1','squad_gameweek_player',1,840,840,10446,0,0,13,0,15,0,0,2218,0,12);
INSERT INTO space_used VALUES('watchlist','watchlist',0,24,24,48,0,0,2,0,1,0,0,852,0,0);
INSERT INTO space_used VALUES('minileague','minileague',0,10,10,228,0,0,27,0,1,0,0,730,0,0);
INSERT INTO space_used VALUES('minileague_team','minileague_team',0,361,354,4463,0,0,15,1,8,0,957,2022,0,7);
INSERT INTO space_used VALUES('sqlite_autoindex_minileague_team_1','minileague_team',1,354,354,3930,0,0,12,0,7,0,0,2096,0,5);
INSERT INTO space_used VALUES('minileague_team_squad_ind','minileague_team',1,354,354,2664,0,0,8,0,5,0,0,1338,0,3);
INSERT INTO space_used VALUES('minileague_team_minileague_ind','minileague_team',1,354,354,2555,0,0,8,0,5,0,0,1447,0,3);
INSERT INTO space_used VALUES('vidiprinter','vidiprinter',0,2428,2295,120470,0,0,80,3,134,0,1979,4326,0,63);
INSERT INTO space_used VALUES('sqlite_sequence','sqlite_sequence',0,1,1,16,0,0,16,0,1,0,0,996,0,0);
INSERT INTO space_used VALUES('vidiprinter_player_ind','vidiprinter',1,2295,2295,19949,0,0,9,0,30,0,0,3530,0,29);
COMMIT;
